<?xml version="1.0" encoding="utf-8"?><testsuites name="pytest tests"><testsuite name="pytest" errors="0" failures="0" skipped="0" tests="11" time="13.490" timestamp="2026-03-18T19:52:29.396946+00:00" hostname="agent-env-e3485d54-6410-478a-9f3a-f422dbb7a269"><testcase classname="tests.test_sos_truffa_api.TestHealthCheck" name="test_root_endpoint" time="0.603" /><testcase classname="tests.test_sos_truffa_api.TestAnalyzeMessage" name="test_analyze_text_message" time="4.395" /><testcase classname="tests.test_sos_truffa_api.TestAnalyzeMessage" name="test_analyze_with_image" time="3.577" /><testcase classname="tests.test_sos_truffa_api.TestAnalyzeMessage" name="test_analyze_empty_request" time="0.515" /><testcase classname="tests.test_sos_truffa_api.TestCalculateRisk" name="test_calculate_risk_basso" time="0.427" /><testcase classname="tests.test_sos_truffa_api.TestCalculateRisk" name="test_calculate_risk_attenzione" time="0.429" /><testcase classname="tests.test_sos_truffa_api.TestCalculateRisk" name="test_calculate_risk_alto" time="0.423" /><testcase classname="tests.test_sos_truffa_api.TestCalculateRisk" name="test_calculate_risk_with_nonso" time="0.500" /><testcase classname="tests.test_sos_truffa_api.TestCalculateRisk" name="test_calculate_risk_boundary_basso_attenzione" time="0.841" /><testcase classname="tests.test_sos_truffa_api.TestCalculateRisk" name="test_calculate_risk_boundary_attenzione_alto" time="0.853" /><testcase classname="tests.test_sos_truffa_api.TestAnalyses" name="test_get_analyses" time="0.840" /></testsuite></testsuites>